Using pre-set license
Built from '2020.3/china_unity/release' branch; Version is '2020.3.18f1c1 (94c5a6b4c040) revision 9749926'; Using compiler version '192528614'; Build Type 'Release'
OS: 'Windows 10 Pro; OS build 19042.746; Version 2009; 64bit' Language: 'zh' Physical Memory: 65462 MB
BatchMode: 1, IsHumanControllingUs: 0, StartBugReporterOnCrash: 0, Is64bit: 1, IsPro: 0

COMMAND LINE ARGUMENTS:
D:\Unity\2020.3.18f1c1\Editor\Unity.exe
-adb2
-batchMode
-noUpm
-name
AssetImportWorker0
-projectPath
D:/GameplayToolkit/Control/Dark-2D
-logFile
Logs/AssetImportWorker0.log
-srvPort
50366
Successfully changed project path to: D:/GameplayToolkit/Control/Dark-2D
D:/GameplayToolkit/Control/Dark-2D
Using Asset Import Pipeline V2.
AS: AutoStreaming module initializing.Refreshing native plugins compatible for Editor in 27.13 ms, found 3 plugins.
Preloading 0 native plugins for Editor in 0.00 ms.
Initialize engine version: 2020.3.18f1c1 (94c5a6b4c040)
[Subsystems] Discovering subsystems at path D:/Unity/2020.3.18f1c1/Editor/Data/Resources/UnitySubsystems
[Subsystems] Discovering subsystems at path D:/GameplayToolkit/Control/Dark-2D/Assets
GfxDevice: creating device client; threaded=0
Direct3D:
    Version:  Direct3D 11.0 [level 11.1]
    Renderer: NVIDIA GeForce RTX 3080 Ti (ID=0x2208)
    Vendor:   
    VRAM:     12108 MB
    Driver:   27.21.14.6663
Initialize mono
Mono path[0] = 'D:/Unity/2020.3.18f1c1/Editor/Data/Managed'
Mono path[1] = 'D:/Unity/2020.3.18f1c1/Editor/Data/MonoBleedingEdge/lib/mono/unityjit'
Mono config path = 'D:/Unity/2020.3.18f1c1/Editor/Data/MonoBleedingEdge/etc'
Using monoOptions --debugger-agent=transport=dt_socket,embedding=1,server=y,suspend=n,address=127.0.0.1:56080
Begin MonoManager ReloadAssembly
Registering precompiled unity dll's ...
Register platform support module: D:/Unity/2020.3.18f1c1/Editor/Data/PlaybackEngines/WindowsStandaloneSupport/UnityEditor.WindowsStandalone.Extensions.dll
Registered in 0.000729 seconds.
Native extension for WindowsStandalone target not found
Refreshing native plugins compatible for Editor in 29.45 ms, found 3 plugins.
Preloading 0 native plugins for Editor in 0.00 ms.
Mono: successfully reloaded assembly
- Completed reload, in  0.653 seconds
Domain Reload Profiling:
	ReloadAssembly (653ms)
		BeginReloadAssembly (33ms)
			ExecutionOrderSort (0ms)
			DisableScriptedObjects (0ms)
			BackupInstance (0ms)
			ReleaseScriptingObjects (0ms)
			CreateAndSetChildDomain (1ms)
		EndReloadAssembly (280ms)
			LoadAssemblies (33ms)
			RebuildTransferFunctionScriptingTraits (0ms)
			SetupTypeCache (95ms)
			ReleaseScriptCaches (0ms)
			RebuildScriptCaches (18ms)
			SetupLoadedEditorAssemblies (120ms)
				LogAssemblyErrors (0ms)
				InitializePlatformSupportModulesInManaged (2ms)
				SetLoadedEditorAssemblies (0ms)
				RefreshPlugins (30ms)
				BeforeProcessingInitializeOnLoad (9ms)
				ProcessInitializeOnLoadAttributes (57ms)
				ProcessInitializeOnLoadMethodAttributes (22ms)
				AfterProcessingInitializeOnLoad (0ms)
				EditorAssembliesLoaded (0ms)
			ExecutionOrderSort2 (0ms)
			AwakeInstancesAfterBackupRestoration (0ms)
Platform modules already initialized, skipping
Registering precompiled user dll's ...
Registered in 0.002113 seconds.
Begin MonoManager ReloadAssembly
Native extension for WindowsStandalone target not found
Refreshing native plugins compatible for Editor in 27.27 ms, found 3 plugins.
Preloading 0 native plugins for Editor in 0.00 ms.
Mono: successfully reloaded assembly
- Completed reload, in  0.692 seconds
Domain Reload Profiling:
	ReloadAssembly (693ms)
		BeginReloadAssembly (92ms)
			ExecutionOrderSort (0ms)
			DisableScriptedObjects (3ms)
			BackupInstance (0ms)
			ReleaseScriptingObjects (0ms)
			CreateAndSetChildDomain (16ms)
		EndReloadAssembly (563ms)
			LoadAssemblies (57ms)
			RebuildTransferFunctionScriptingTraits (0ms)
			SetupTypeCache (177ms)
			ReleaseScriptCaches (0ms)
			RebuildScriptCaches (30ms)
			SetupLoadedEditorAssemblies (221ms)
				LogAssemblyErrors (0ms)
				InitializePlatformSupportModulesInManaged (2ms)
				SetLoadedEditorAssemblies (0ms)
				RefreshPlugins (27ms)
				BeforeProcessingInitializeOnLoad (47ms)
				ProcessInitializeOnLoadAttributes (132ms)
				ProcessInitializeOnLoadMethodAttributes (10ms)
				AfterProcessingInitializeOnLoad (2ms)
				EditorAssembliesLoaded (0ms)
			ExecutionOrderSort2 (0ms)
			AwakeInstancesAfterBackupRestoration (4ms)
Platform modules already initialized, skipping
========================================================================
Worker process is ready to serve import requests
Launched and connected shader compiler UnityShaderCompiler.exe after 0.04 seconds
Refreshing native plugins compatible for Editor in 0.47 ms, found 3 plugins.
Preloading 0 native plugins for Editor in 0.00 ms.
Unloading 2093 Unused Serialized files (Serialized files now loaded: 0)
System memory in use before: 95.6 MB.
System memory in use after: 95.7 MB.

Unloading 26 unused Assets to reduce memory usage. Loaded Objects now: 2533.
Total: 2.299300 ms (FindLiveObjects: 0.159500 ms CreateObjectMapping: 0.040200 ms MarkObjects: 2.047000 ms  DeleteObjects: 0.052100 ms)

AssetImportParameters requested are different than current active one (requested -> active):
  custom:framework-win-MediaFoundation: 216162199b28c13a410421893ffa2e32 -> 
  custom:video-decoder-ogg-theora: a1e56fd34408186e4bbccfd4996cb3dc -> 
  custom:container-muxer-webm: aa71ff27fc2769a1b78a27578f13a17b -> 
  custom:container-demuxer-webm: 4f35f7cbe854078d1ac9338744f61a02 -> 
  custom:container-demuxer-ogg: 62fdf1f143b41e24485cea50d1cbac27 -> 
  custom:video-encoder-webm-vp8: eb34c28f22e8b96e1ab97ce403110664 -> 
  custom:video-decoder-webm-vp8: 9c59270c3fd7afecdb556c50c9e8de78 -> 
  custom:audio-decoder-ogg-vorbis: bf7c407c2cedff20999df2af8eb42d56 -> 
  custom:audio-encoder-webm-vorbis: bf7c407c2cedff20999df2af8eb42d56 -> 
========================================================================
Received Import Request.
  path: Assets/Resources
  artifactKey: Guid(9238a76bd9a246e4d92fdebb4c5c3129) Importer(815301076,1909f56bfc062723c751e8b465ee728b)
Start importing Assets/Resources using Guid(9238a76bd9a246e4d92fdebb4c5c3129) Importer(815301076,1909f56bfc062723c751e8b465ee728b)  -> (artifact id: '6b51204afcb9718b8f12cd7cf1fcc5d3') in 0.007906 seconds 
  Import took 0.010399 seconds .

========================================================================
Received Prepare
Registering precompiled user dll's ...
Registered in 0.001586 seconds.
Begin MonoManager ReloadAssembly
Native extension for WindowsStandalone target not found
Refreshing native plugins compatible for Editor in 0.43 ms, found 3 plugins.
Preloading 0 native plugins for Editor in 0.00 ms.
Mono: successfully reloaded assembly
- Completed reload, in  0.637 seconds
Domain Reload Profiling:
	ReloadAssembly (637ms)
		BeginReloadAssembly (81ms)
			ExecutionOrderSort (0ms)
			DisableScriptedObjects (5ms)
			BackupInstance (0ms)
			ReleaseScriptingObjects (0ms)
			CreateAndSetChildDomain (27ms)
		EndReloadAssembly (516ms)
			LoadAssemblies (58ms)
			RebuildTransferFunctionScriptingTraits (0ms)
			SetupTypeCache (179ms)
			ReleaseScriptCaches (1ms)
			RebuildScriptCaches (27ms)
			SetupLoadedEditorAssemblies (192ms)
				LogAssemblyErrors (0ms)
				InitializePlatformSupportModulesInManaged (3ms)
				SetLoadedEditorAssemblies (0ms)
				RefreshPlugins (0ms)
				BeforeProcessingInitializeOnLoad (61ms)
				ProcessInitializeOnLoadAttributes (121ms)
				ProcessInitializeOnLoadMethodAttributes (4ms)
				AfterProcessingInitializeOnLoad (2ms)
				EditorAssembliesLoaded (0ms)
			ExecutionOrderSort2 (0ms)
			AwakeInstancesAfterBackupRestoration (8ms)
Platform modules already initialized, skipping
Refreshing native plugins compatible for Editor in 0.48 ms, found 3 plugins.
Preloading 0 native plugins for Editor in 0.00 ms.
Unloading 2083 Unused Serialized files (Serialized files now loaded: 0)
System memory in use before: 95.1 MB.
System memory in use after: 95.2 MB.

Unloading 14 unused Assets to reduce memory usage. Loaded Objects now: 2536.
Total: 2.263100 ms (FindLiveObjects: 0.142000 ms CreateObjectMapping: 0.037700 ms MarkObjects: 2.069700 ms  DeleteObjects: 0.013200 ms)

AssetImportParameters requested are different than current active one (requested -> active):
  custom:framework-win-MediaFoundation: 216162199b28c13a410421893ffa2e32 -> 
  custom:video-decoder-ogg-theora: a1e56fd34408186e4bbccfd4996cb3dc -> 
  custom:container-muxer-webm: aa71ff27fc2769a1b78a27578f13a17b -> 
  custom:container-demuxer-webm: 4f35f7cbe854078d1ac9338744f61a02 -> 
  custom:container-demuxer-ogg: 62fdf1f143b41e24485cea50d1cbac27 -> 
  custom:video-encoder-webm-vp8: eb34c28f22e8b96e1ab97ce403110664 -> 
  custom:video-decoder-webm-vp8: 9c59270c3fd7afecdb556c50c9e8de78 -> 
  custom:audio-decoder-ogg-vorbis: bf7c407c2cedff20999df2af8eb42d56 -> 
  custom:audio-encoder-webm-vorbis: bf7c407c2cedff20999df2af8eb42d56 -> 
========================================================================
Received Import Request.
  Time since last request: 50.862843 seconds.
  path: Assets/Resources/The DARK Series - The Blood King/Bonus Tileset.zip
  artifactKey: Guid(bea92813549c8fe4f9783bde9fac5fac) Importer(815301076,1909f56bfc062723c751e8b465ee728b)
Start importing Assets/Resources/The DARK Series - The Blood King/Bonus Tileset.zip using Guid(bea92813549c8fe4f9783bde9fac5fac) Importer(815301076,1909f56bfc062723c751e8b465ee728b)  -> (artifact id: '153e6a33b0b3d29917221948a2e9e3d4') in 0.023654 seconds 
  Import took 0.026257 seconds .

========================================================================
Received Import Request.
  Time since last request: 3.703416 seconds.
  path: Assets/Resources/The DARK Series - The Blood King/Bonus Tileset
  artifactKey: Guid(eedf2f3ac3b63a14d92799ee0e2411e4) Importer(815301076,1909f56bfc062723c751e8b465ee728b)
Start importing Assets/Resources/The DARK Series - The Blood King/Bonus Tileset using Guid(eedf2f3ac3b63a14d92799ee0e2411e4) Importer(815301076,1909f56bfc062723c751e8b465ee728b)  -> (artifact id: '22508e6561e6e56cf81f31947b20e9a7') in 0.001655 seconds 
  Import took 0.004180 seconds .

========================================================================
Received Import Request.
  Time since last request: 0.137920 seconds.
  path: Assets/Resources/The DARK Series - The Blood King/Bonus Tileset/Bonus Tileset.png
  artifactKey: Guid(136f0ced0b555294ba5e9926fccb760c) Importer(815301076,1909f56bfc062723c751e8b465ee728b)
Start importing Assets/Resources/The DARK Series - The Blood King/Bonus Tileset/Bonus Tileset.png using Guid(136f0ced0b555294ba5e9926fccb760c) Importer(815301076,1909f56bfc062723c751e8b465ee728b)  -> (artifact id: '7086f174bc5f3c8fde8411664b0bad71') in 0.047984 seconds 
  Import took 0.050636 seconds .

========================================================================
Received Import Request.
  Time since last request: 7.832039 seconds.
  path: Assets/Resources/The DARK Series - The Blood King/Bonus Tileset/Bonus Tileset.png
  artifactKey: Guid(136f0ced0b555294ba5e9926fccb760c) Importer(815301076,1909f56bfc062723c751e8b465ee728b)
Start importing Assets/Resources/The DARK Series - The Blood King/Bonus Tileset/Bonus Tileset.png using Guid(136f0ced0b555294ba5e9926fccb760c) Importer(815301076,1909f56bfc062723c751e8b465ee728b)  -> (artifact id: '10f82d9facb14a0575391322163d67e3') in 0.019480 seconds 
  Import took 0.022164 seconds .

========================================================================
Received Import Request.
  Time since last request: 3.458633 seconds.
  path: Assets/Resources/The DARK Series - The Blood King/Bonus Tileset/Bonus Tileset.png
  artifactKey: Guid(136f0ced0b555294ba5e9926fccb760c) Importer(815301076,1909f56bfc062723c751e8b465ee728b)
Start importing Assets/Resources/The DARK Series - The Blood King/Bonus Tileset/Bonus Tileset.png using Guid(136f0ced0b555294ba5e9926fccb760c) Importer(815301076,1909f56bfc062723c751e8b465ee728b)  -> (artifact id: '4fe5872bd8b59094aec36d335024b354') in 0.089588 seconds 
  Import took 0.092358 seconds .

========================================================================
Received Import Request.
  Time since last request: 2.604410 seconds.
  path: Assets/Resources/The DARK Series - The Blood King/Bonus Tileset/Tileset.aseprite
  artifactKey: Guid(d56d6c20e2b96514eaae7d654f1d8eb2) Importer(815301076,1909f56bfc062723c751e8b465ee728b)
Start importing Assets/Resources/The DARK Series - The Blood King/Bonus Tileset/Tileset.aseprite using Guid(d56d6c20e2b96514eaae7d654f1d8eb2) Importer(815301076,1909f56bfc062723c751e8b465ee728b)  -> (artifact id: '1bf67a716576503a982b20e9fa3714cf') in 0.006694 seconds 
  Import took 0.009482 seconds .

========================================================================
Received Import Request.
  Time since last request: 69.275557 seconds.
  path: Assets/Resources/The DARK Series - The Blood King/Bonus Tileset/Bonus Tilemap.prefab
  artifactKey: Guid(154ff581c68238d4f8015833d2442f2f) Importer(815301076,1909f56bfc062723c751e8b465ee728b)
Start importing Assets/Resources/The DARK Series - The Blood King/Bonus Tileset/Bonus Tilemap.prefab using Guid(154ff581c68238d4f8015833d2442f2f) Importer(815301076,1909f56bfc062723c751e8b465ee728b)  -> (artifact id: '481a96e5e36cd43c6c6eccd6b364c71f') in 0.030271 seconds 
  Import took 0.034097 seconds .

========================================================================
Received Import Request.
  Time since last request: 5.664120 seconds.
  path: Assets/Resources/The DARK Series - The Blood King/Bonus Tileset/Bonus Tilemap.prefab
  artifactKey: Guid(154ff581c68238d4f8015833d2442f2f) Importer(815301076,1909f56bfc062723c751e8b465ee728b)
Start importing Assets/Resources/The DARK Series - The Blood King/Bonus Tileset/Bonus Tilemap.prefab using Guid(154ff581c68238d4f8015833d2442f2f) Importer(815301076,1909f56bfc062723c751e8b465ee728b)  -> (artifact id: '3525dbed73822c1cc61e681fde6f01a2') in 0.024102 seconds 
  Import took 0.027352 seconds .

========================================================================
Received Import Request.
  Time since last request: 0.000128 seconds.
  path: Assets/Resources/The DARK Series - The Blood King/Bonus Tileset/Bonus Tileset_23.asset
  artifactKey: Guid(310c46139c6f0a547bace8e63d0bcb08) Importer(815301076,1909f56bfc062723c751e8b465ee728b)
Start importing Assets/Resources/The DARK Series - The Blood King/Bonus Tileset/Bonus Tileset_23.asset using Guid(310c46139c6f0a547bace8e63d0bcb08) Importer(815301076,1909f56bfc062723c751e8b465ee728b)  -> (artifact id: '2243647c602971ba1e0adbfaf0d1fb23') in 0.017644 seconds 
  Import took 0.021518 seconds .

========================================================================
Received Import Request.
  Time since last request: 0.000162 seconds.
  path: Assets/Resources/The DARK Series - The Blood King/Bonus Tileset/Bonus Tileset_3.asset
  artifactKey: Guid(f873120a95b1a0e4e9da3f6ad7d75493) Importer(815301076,1909f56bfc062723c751e8b465ee728b)
Start importing Assets/Resources/The DARK Series - The Blood King/Bonus Tileset/Bonus Tileset_3.asset using Guid(f873120a95b1a0e4e9da3f6ad7d75493) Importer(815301076,1909f56bfc062723c751e8b465ee728b)  -> (artifact id: '1bd025ce4468d458c224f8ea376fd5f2') in 0.006478 seconds 
  Import took 0.008945 seconds .

========================================================================
Received Import Request.
  Time since last request: 0.000135 seconds.
  path: Assets/Resources/The DARK Series - The Blood King/Bonus Tileset/Bonus Tileset_24.asset
  artifactKey: Guid(908063687ed63ee40aca6731562b7b55) Importer(815301076,1909f56bfc062723c751e8b465ee728b)
Start importing Assets/Resources/The DARK Series - The Blood King/Bonus Tileset/Bonus Tileset_24.asset using Guid(908063687ed63ee40aca6731562b7b55) Importer(815301076,1909f56bfc062723c751e8b465ee728b)  -> (artifact id: '917252373e5100005e75da2a503bf17a') in 0.011302 seconds 
  Import took 0.013517 seconds .

========================================================================
Received Import Request.
  Time since last request: 0.000164 seconds.
  path: Assets/Resources/The DARK Series - The Blood King/Bonus Tileset/Bonus Tileset_8.asset
  artifactKey: Guid(3799b2b2e7bd4664b8771bc4887c5344) Importer(815301076,1909f56bfc062723c751e8b465ee728b)
Start importing Assets/Resources/The DARK Series - The Blood King/Bonus Tileset/Bonus Tileset_8.asset using Guid(3799b2b2e7bd4664b8771bc4887c5344) Importer(815301076,1909f56bfc062723c751e8b465ee728b)  -> (artifact id: '9ffb30e0b6c8f008d34b817965e7793c') in 0.007294 seconds 
  Import took 0.010019 seconds .

========================================================================
Received Import Request.
  Time since last request: 0.000296 seconds.
  path: Assets/Resources/The DARK Series - The Blood King/Bonus Tileset/Bonus Tileset_10.asset
  artifactKey: Guid(fa025ad3c35628f448ecd4bc1ac3cab2) Importer(815301076,1909f56bfc062723c751e8b465ee728b)
Start importing Assets/Resources/The DARK Series - The Blood King/Bonus Tileset/Bonus Tileset_10.asset using Guid(fa025ad3c35628f448ecd4bc1ac3cab2) Importer(815301076,1909f56bfc062723c751e8b465ee728b)  -> (artifact id: '3191d557207fd54247da41da5b92cf5a') in 0.006420 seconds 
  Import took 0.008954 seconds .

========================================================================
Received Import Request.
  Time since last request: 0.000125 seconds.
  path: Assets/Resources/The DARK Series - The Blood King/Bonus Tileset/Bonus Tileset_22.asset
  artifactKey: Guid(568b2348a5b882c41857a97f7d55a3d0) Importer(815301076,1909f56bfc062723c751e8b465ee728b)
Start importing Assets/Resources/The DARK Series - The Blood King/Bonus Tileset/Bonus Tileset_22.asset using Guid(568b2348a5b882c41857a97f7d55a3d0) Importer(815301076,1909f56bfc062723c751e8b465ee728b)  -> (artifact id: '8ddaddfe7e92e33ef0a71a94a35cbcce') in 0.007170 seconds 
  Import took 0.009490 seconds .

========================================================================
Received Import Request.
  Time since last request: 0.000146 seconds.
  path: Assets/Resources/The DARK Series - The Blood King/Bonus Tileset/Bonus Tileset_9.asset
  artifactKey: Guid(9e3300659ae5c4549a9a8ec724cf87a7) Importer(815301076,1909f56bfc062723c751e8b465ee728b)
Start importing Assets/Resources/The DARK Series - The Blood King/Bonus Tileset/Bonus Tileset_9.asset using Guid(9e3300659ae5c4549a9a8ec724cf87a7) Importer(815301076,1909f56bfc062723c751e8b465ee728b)  -> (artifact id: 'bcc159be1e98f0dfc0db5cf584c1f5c4') in 0.006021 seconds 
  Import took 0.008274 seconds .

========================================================================
Received Import Request.
  Time since last request: 0.000120 seconds.
  path: Assets/Resources/The DARK Series - The Blood King/Bonus Tileset/Bonus Tileset_4.asset
  artifactKey: Guid(dbb8a64a987b1e34bad8ab0d446d9be4) Importer(815301076,1909f56bfc062723c751e8b465ee728b)
Start importing Assets/Resources/The DARK Series - The Blood King/Bonus Tileset/Bonus Tileset_4.asset using Guid(dbb8a64a987b1e34bad8ab0d446d9be4) Importer(815301076,1909f56bfc062723c751e8b465ee728b)  -> (artifact id: '642c50ddf53c2aeadfee4711d5a713f0') in 0.009195 seconds 
  Import took 0.011572 seconds .

========================================================================
Received Import Request.
  Time since last request: 0.000130 seconds.
  path: Assets/Resources/The DARK Series - The Blood King/Bonus Tileset/Bonus Tileset_17.asset
  artifactKey: Guid(0a43783830979c443a4f2cfdc83d7b8f) Importer(815301076,1909f56bfc062723c751e8b465ee728b)
Start importing Assets/Resources/The DARK Series - The Blood King/Bonus Tileset/Bonus Tileset_17.asset using Guid(0a43783830979c443a4f2cfdc83d7b8f) Importer(815301076,1909f56bfc062723c751e8b465ee728b)  -> (artifact id: 'd1da3e073eb977ad1b3b623dd5d6e1ad') in 0.006677 seconds 
  Import took 0.010454 seconds .

========================================================================
Received Import Request.
  Time since last request: 0.000157 seconds.
  path: Assets/Resources/The DARK Series - The Blood King/Bonus Tileset/Bonus Tileset_11.asset
  artifactKey: Guid(aa9f24af925c0ae4ca214a19380e05e3) Importer(815301076,1909f56bfc062723c751e8b465ee728b)
Start importing Assets/Resources/The DARK Series - The Blood King/Bonus Tileset/Bonus Tileset_11.asset using Guid(aa9f24af925c0ae4ca214a19380e05e3) Importer(815301076,1909f56bfc062723c751e8b465ee728b)  -> (artifact id: 'b97f7c80c204c86d4935418db405aa04') in 0.006369 seconds 
  Import took 0.008780 seconds .

========================================================================
Received Import Request.
  Time since last request: 0.000154 seconds.
  path: Assets/Resources/The DARK Series - The Blood King/Bonus Tileset/Bonus Tileset_1.asset
  artifactKey: Guid(dfe9d23b7c405c1498cea55c94c5a46c) Importer(815301076,1909f56bfc062723c751e8b465ee728b)
Start importing Assets/Resources/The DARK Series - The Blood King/Bonus Tileset/Bonus Tileset_1.asset using Guid(dfe9d23b7c405c1498cea55c94c5a46c) Importer(815301076,1909f56bfc062723c751e8b465ee728b)  -> (artifact id: '8d5039667cc733142e70816eaade5f96') in 0.008547 seconds 
  Import took 0.010942 seconds .

========================================================================
Received Import Request.
  Time since last request: 0.000139 seconds.
  path: Assets/Resources/The DARK Series - The Blood King/Bonus Tileset/Bonus Tileset_7.asset
  artifactKey: Guid(14fea7efc56fbde42a6c7f6ddef97f7e) Importer(815301076,1909f56bfc062723c751e8b465ee728b)
Start importing Assets/Resources/The DARK Series - The Blood King/Bonus Tileset/Bonus Tileset_7.asset using Guid(14fea7efc56fbde42a6c7f6ddef97f7e) Importer(815301076,1909f56bfc062723c751e8b465ee728b)  -> (artifact id: 'fb8e560fa4a585d4e98314d635bbad07') in 0.005906 seconds 
  Import took 0.007940 seconds .

========================================================================
Received Import Request.
  Time since last request: 0.000154 seconds.
  path: Assets/Resources/The DARK Series - The Blood King/Bonus Tileset/Bonus Tileset_0.asset
  artifactKey: Guid(964dbe2cd016bf24eb0ead3ccbb85bec) Importer(815301076,1909f56bfc062723c751e8b465ee728b)
Start importing Assets/Resources/The DARK Series - The Blood King/Bonus Tileset/Bonus Tileset_0.asset using Guid(964dbe2cd016bf24eb0ead3ccbb85bec) Importer(815301076,1909f56bfc062723c751e8b465ee728b)  -> (artifact id: 'f9ff02464d6f8d6545b8fcadb187455f') in 0.008393 seconds 
  Import took 0.011135 seconds .

========================================================================
Received Import Request.
  Time since last request: 0.000131 seconds.
  path: Assets/Resources/The DARK Series - The Blood King/Bonus Tileset/Bonus Tileset_14.asset
  artifactKey: Guid(2bcd630c3258bf9449a327acde10855f) Importer(815301076,1909f56bfc062723c751e8b465ee728b)
Start importing Assets/Resources/The DARK Series - The Blood King/Bonus Tileset/Bonus Tileset_14.asset using Guid(2bcd630c3258bf9449a327acde10855f) Importer(815301076,1909f56bfc062723c751e8b465ee728b)  -> (artifact id: '96f982eb8e02f166d93cdebd4b52fdfc') in 0.007880 seconds 
  Import took 0.010642 seconds .

========================================================================
Received Import Request.
  Time since last request: 0.000138 seconds.
  path: Assets/Resources/The DARK Series - The Blood King/Bonus Tileset/Bonus Tileset_19.asset
  artifactKey: Guid(f6054fcf6c9dbf0438820967e76b53ed) Importer(815301076,1909f56bfc062723c751e8b465ee728b)
Start importing Assets/Resources/The DARK Series - The Blood King/Bonus Tileset/Bonus Tileset_19.asset using Guid(f6054fcf6c9dbf0438820967e76b53ed) Importer(815301076,1909f56bfc062723c751e8b465ee728b)  -> (artifact id: '0c0599eb12a359cc1671d31a9c064c55') in 0.007150 seconds 
  Import took 0.009448 seconds .

========================================================================
Received Import Request.
  Time since last request: 0.000126 seconds.
  path: Assets/Resources/The DARK Series - The Blood King/Bonus Tileset/Bonus Tileset_20.asset
  artifactKey: Guid(d06b782d81591db4b849b3d9a9e87826) Importer(815301076,1909f56bfc062723c751e8b465ee728b)
Start importing Assets/Resources/The DARK Series - The Blood King/Bonus Tileset/Bonus Tileset_20.asset using Guid(d06b782d81591db4b849b3d9a9e87826) Importer(815301076,1909f56bfc062723c751e8b465ee728b)  -> (artifact id: '3cfc416c6c1261aeab081a6b3cb24584') in 0.009057 seconds 
  Import took 0.011596 seconds .

========================================================================
Received Import Request.
  Time since last request: 0.000140 seconds.
  path: Assets/Resources/The DARK Series - The Blood King/Bonus Tileset/Bonus Tileset_2.asset
  artifactKey: Guid(51ea4cd4fdbd2fd4ebe3c94eb6612f22) Importer(815301076,1909f56bfc062723c751e8b465ee728b)
Start importing Assets/Resources/The DARK Series - The Blood King/Bonus Tileset/Bonus Tileset_2.asset using Guid(51ea4cd4fdbd2fd4ebe3c94eb6612f22) Importer(815301076,1909f56bfc062723c751e8b465ee728b)  -> (artifact id: '6ab1183c3c6b5d5398d577e195546a39') in 0.006865 seconds 
  Import took 0.009638 seconds .

========================================================================
Received Import Request.
  Time since last request: 0.000178 seconds.
  path: Assets/Resources/The DARK Series - The Blood King/Bonus Tileset/Bonus Tileset_15.asset
  artifactKey: Guid(dd323035f7f8f4742a2650e7fe2f9a44) Importer(815301076,1909f56bfc062723c751e8b465ee728b)
Start importing Assets/Resources/The DARK Series - The Blood King/Bonus Tileset/Bonus Tileset_15.asset using Guid(dd323035f7f8f4742a2650e7fe2f9a44) Importer(815301076,1909f56bfc062723c751e8b465ee728b)  -> (artifact id: '3f2726b4319696fbe65da057503f19c6') in 0.007215 seconds 
  Import took 0.010572 seconds .

========================================================================
Received Import Request.
  Time since last request: 0.000130 seconds.
  path: Assets/Resources/The DARK Series - The Blood King/Bonus Tileset/Bonus Tileset_16.asset
  artifactKey: Guid(36d5334b16959704b9af756e8e393cc9) Importer(815301076,1909f56bfc062723c751e8b465ee728b)
Start importing Assets/Resources/The DARK Series - The Blood King/Bonus Tileset/Bonus Tileset_16.asset using Guid(36d5334b16959704b9af756e8e393cc9) Importer(815301076,1909f56bfc062723c751e8b465ee728b)  -> (artifact id: '3c3d1e2dd75e79f8812d477b0f9dc14c') in 0.008570 seconds 
  Import took 0.010951 seconds .

========================================================================
Received Import Request.
  Time since last request: 0.000126 seconds.
  path: Assets/Resources/The DARK Series - The Blood King/Bonus Tileset/Bonus Tileset_13.asset
  artifactKey: Guid(b6ca8fd4996d8834a85c76fde4d84478) Importer(815301076,1909f56bfc062723c751e8b465ee728b)
Start importing Assets/Resources/The DARK Series - The Blood King/Bonus Tileset/Bonus Tileset_13.asset using Guid(b6ca8fd4996d8834a85c76fde4d84478) Importer(815301076,1909f56bfc062723c751e8b465ee728b)  -> (artifact id: '596bb395070f6878738c625e27463206') in 0.008460 seconds 
  Import took 0.012514 seconds .

========================================================================
Received Import Request.
  Time since last request: 0.000163 seconds.
  path: Assets/Resources/The DARK Series - The Blood King/Bonus Tileset/Bonus Tileset_18.asset
  artifactKey: Guid(f0b06a27797579b4591c7db59eaaaa1d) Importer(815301076,1909f56bfc062723c751e8b465ee728b)
Start importing Assets/Resources/The DARK Series - The Blood King/Bonus Tileset/Bonus Tileset_18.asset using Guid(f0b06a27797579b4591c7db59eaaaa1d) Importer(815301076,1909f56bfc062723c751e8b465ee728b)  -> (artifact id: '25c2a1b322aaf8c0cf30de1a28d5ad70') in 0.007102 seconds 
  Import took 0.009875 seconds .

========================================================================
Received Import Request.
  Time since last request: 0.000129 seconds.
  path: Assets/Resources/The DARK Series - The Blood King/Bonus Tileset/Bonus Tileset_5.asset
  artifactKey: Guid(eb6d3cd28ebc276418fa5c3c80bd0e73) Importer(815301076,1909f56bfc062723c751e8b465ee728b)
Start importing Assets/Resources/The DARK Series - The Blood King/Bonus Tileset/Bonus Tileset_5.asset using Guid(eb6d3cd28ebc276418fa5c3c80bd0e73) Importer(815301076,1909f56bfc062723c751e8b465ee728b)  -> (artifact id: '973655385904a65acac78f7d2b47dce6') in 0.009457 seconds 
  Import took 0.011985 seconds .

========================================================================
Received Import Request.
  Time since last request: 0.000149 seconds.
  path: Assets/Resources/The DARK Series - The Blood King/Bonus Tileset/Bonus Tileset_21.asset
  artifactKey: Guid(5a6388807d629d744b1d9ef6e8ae97aa) Importer(815301076,1909f56bfc062723c751e8b465ee728b)
Start importing Assets/Resources/The DARK Series - The Blood King/Bonus Tileset/Bonus Tileset_21.asset using Guid(5a6388807d629d744b1d9ef6e8ae97aa) Importer(815301076,1909f56bfc062723c751e8b465ee728b)  -> (artifact id: 'f68c3acb884b94b2ae02fe621c315e75') in 0.008579 seconds 
  Import took 0.012036 seconds .

========================================================================
Received Import Request.
  Time since last request: 0.000164 seconds.
  path: Assets/Resources/The DARK Series - The Blood King/Bonus Tileset/Bonus Tileset_12.asset
  artifactKey: Guid(a21a71466e8a6fc45aeccc96824b4c7e) Importer(815301076,1909f56bfc062723c751e8b465ee728b)
Start importing Assets/Resources/The DARK Series - The Blood King/Bonus Tileset/Bonus Tileset_12.asset using Guid(a21a71466e8a6fc45aeccc96824b4c7e) Importer(815301076,1909f56bfc062723c751e8b465ee728b)  -> (artifact id: '4503d8e2d7483445a515f6e5aab3864d') in 0.010638 seconds 
  Import took 0.014275 seconds .

========================================================================
Received Import Request.
  Time since last request: 0.000147 seconds.
  path: Assets/Resources/The DARK Series - The Blood King/Bonus Tileset/Bonus Tileset_25.asset
  artifactKey: Guid(29e46140866c9e2489f44f3b38a6de82) Importer(815301076,1909f56bfc062723c751e8b465ee728b)
Start importing Assets/Resources/The DARK Series - The Blood King/Bonus Tileset/Bonus Tileset_25.asset using Guid(29e46140866c9e2489f44f3b38a6de82) Importer(815301076,1909f56bfc062723c751e8b465ee728b)  -> (artifact id: '090d16dc9f7445c9a2e991968c600bb9') in 0.006759 seconds 
  Import took 0.009514 seconds .

========================================================================
Received Import Request.
  Time since last request: 0.000150 seconds.
  path: Assets/Resources/The DARK Series - The Blood King/Bonus Tileset/Bonus Tileset_6.asset
  artifactKey: Guid(e95e1d7512023de4eb75da28e3730c64) Importer(815301076,1909f56bfc062723c751e8b465ee728b)
Start importing Assets/Resources/The DARK Series - The Blood King/Bonus Tileset/Bonus Tileset_6.asset using Guid(e95e1d7512023de4eb75da28e3730c64) Importer(815301076,1909f56bfc062723c751e8b465ee728b)  -> (artifact id: '8e34e1d2059ddcf53944849934210648') in 0.012407 seconds 
  Import took 0.015003 seconds .

========================================================================
Received Import Request.
  Time since last request: 168.670059 seconds.
  path: Assets/Resources/The DARK Series - The Blood King/Bonus Tileset/Bonus Tileset.png
  artifactKey: Guid(136f0ced0b555294ba5e9926fccb760c) Importer(815301076,1909f56bfc062723c751e8b465ee728b)
Start importing Assets/Resources/The DARK Series - The Blood King/Bonus Tileset/Bonus Tileset.png using Guid(136f0ced0b555294ba5e9926fccb760c) Importer(815301076,1909f56bfc062723c751e8b465ee728b)  -> (artifact id: '4d2c95c1626373741f0db3be2078f506') in 0.045522 seconds 
  Import took 0.048243 seconds .

========================================================================
Received Import Request.
  Time since last request: 13.204780 seconds.
  path: Assets/Resources/The DARK Series - The Blood King/Bonus Tileset/Bonus Tilemap.prefab
  artifactKey: Guid(154ff581c68238d4f8015833d2442f2f) Importer(815301076,1909f56bfc062723c751e8b465ee728b)
Start importing Assets/Resources/The DARK Series - The Blood King/Bonus Tileset/Bonus Tilemap.prefab using Guid(154ff581c68238d4f8015833d2442f2f) Importer(815301076,1909f56bfc062723c751e8b465ee728b)  -> (artifact id: '729f45824205cb65e6c6be1b2d110bc8') in 0.016314 seconds 
  Import took 0.019250 seconds .

========================================================================
Received Import Request.
  Time since last request: 8.971485 seconds.
  path: Assets/Resources/The DARK Series - The Blood King/Bonus Tileset/Bonus Tilemap.prefab
  artifactKey: Guid(154ff581c68238d4f8015833d2442f2f) Importer(815301076,1909f56bfc062723c751e8b465ee728b)
Start importing Assets/Resources/The DARK Series - The Blood King/Bonus Tileset/Bonus Tilemap.prefab using Guid(154ff581c68238d4f8015833d2442f2f) Importer(815301076,1909f56bfc062723c751e8b465ee728b)  -> (artifact id: '37ffc5173790939ad8fd874f7948d04b') in 0.012346 seconds 
  Import took 0.015242 seconds .

========================================================================
Received Import Request.
  Time since last request: 7.336449 seconds.
  path: Assets/Resources/The DARK Series - The Blood King/Bonus Tileset/Bonus Tilemap.prefab
  artifactKey: Guid(154ff581c68238d4f8015833d2442f2f) Importer(815301076,1909f56bfc062723c751e8b465ee728b)
Start importing Assets/Resources/The DARK Series - The Blood King/Bonus Tileset/Bonus Tilemap.prefab using Guid(154ff581c68238d4f8015833d2442f2f) Importer(815301076,1909f56bfc062723c751e8b465ee728b)  -> (artifact id: '21f14e23c3a2bd3597e3289618cf90e4') in 0.018383 seconds 
  Import took 0.021222 seconds .

========================================================================
Received Import Request.
  Time since last request: 9.051253 seconds.
  path: Assets/Resources/The DARK Series - The Blood King/Bonus Tileset/Bonus Tilemap.prefab
  artifactKey: Guid(154ff581c68238d4f8015833d2442f2f) Importer(815301076,1909f56bfc062723c751e8b465ee728b)
Start importing Assets/Resources/The DARK Series - The Blood King/Bonus Tileset/Bonus Tilemap.prefab using Guid(154ff581c68238d4f8015833d2442f2f) Importer(815301076,1909f56bfc062723c751e8b465ee728b)  -> (artifact id: 'c101dd3531462ee162a510aeb242f0a4') in 0.018010 seconds 
  Import took 0.021075 seconds .

========================================================================
Received Import Request.
  Time since last request: 8.936875 seconds.
  path: Assets/Resources/The DARK Series - The Blood King/Bonus Tileset/Bonus Tilemap.prefab
  artifactKey: Guid(154ff581c68238d4f8015833d2442f2f) Importer(815301076,1909f56bfc062723c751e8b465ee728b)
Start importing Assets/Resources/The DARK Series - The Blood King/Bonus Tileset/Bonus Tilemap.prefab using Guid(154ff581c68238d4f8015833d2442f2f) Importer(815301076,1909f56bfc062723c751e8b465ee728b)  -> (artifact id: '92e6b4cafd6ad3a476f9dd77d4013370') in 0.018946 seconds 
  Import took 0.021906 seconds .

========================================================================
Received Import Request.
  Time since last request: 3.965646 seconds.
  path: Assets/Resources/The DARK Series - The Blood King/Bonus Tileset/Bonus Tilemap.prefab
  artifactKey: Guid(154ff581c68238d4f8015833d2442f2f) Importer(815301076,1909f56bfc062723c751e8b465ee728b)
Start importing Assets/Resources/The DARK Series - The Blood King/Bonus Tileset/Bonus Tilemap.prefab using Guid(154ff581c68238d4f8015833d2442f2f) Importer(815301076,1909f56bfc062723c751e8b465ee728b)  -> (artifact id: 'b6e6ae5eba152a76393d7e27d203e05d') in 0.015289 seconds 
  Import took 0.018230 seconds .

========================================================================
Received Import Request.
  Time since last request: 5.182283 seconds.
  path: Assets/Resources/The DARK Series - The Blood King/Bonus Tileset/Bonus Tilemap.prefab
  artifactKey: Guid(154ff581c68238d4f8015833d2442f2f) Importer(815301076,1909f56bfc062723c751e8b465ee728b)
Start importing Assets/Resources/The DARK Series - The Blood King/Bonus Tileset/Bonus Tilemap.prefab using Guid(154ff581c68238d4f8015833d2442f2f) Importer(815301076,1909f56bfc062723c751e8b465ee728b)  -> (artifact id: '18391738cea090002ba8f65961673a5a') in 0.012245 seconds 
  Import took 0.015087 seconds .

========================================================================
Received Import Request.
  Time since last request: 13.056593 seconds.
  path: Assets/Resources/The DARK Series - The Blood King/Bonus Tileset/Bonus Tilemap.prefab
  artifactKey: Guid(154ff581c68238d4f8015833d2442f2f) Importer(815301076,1909f56bfc062723c751e8b465ee728b)
Start importing Assets/Resources/The DARK Series - The Blood King/Bonus Tileset/Bonus Tilemap.prefab using Guid(154ff581c68238d4f8015833d2442f2f) Importer(815301076,1909f56bfc062723c751e8b465ee728b)  -> (artifact id: '8f5831a72327791e9af133acd8063dd1') in 0.008892 seconds 
  Import took 0.011818 seconds .

========================================================================
Received Import Request.
  Time since last request: 5.679712 seconds.
  path: Assets/Resources/The DARK Series - The Blood King/Bonus Tileset/Bonus Tilemap.prefab
  artifactKey: Guid(154ff581c68238d4f8015833d2442f2f) Importer(815301076,1909f56bfc062723c751e8b465ee728b)
Start importing Assets/Resources/The DARK Series - The Blood King/Bonus Tileset/Bonus Tilemap.prefab using Guid(154ff581c68238d4f8015833d2442f2f) Importer(815301076,1909f56bfc062723c751e8b465ee728b)  -> (artifact id: '225c127586684e7efbc1793f0e29f416') in 0.013009 seconds 
  Import took 0.015970 seconds .

========================================================================
Received Import Request.
  Time since last request: 3.519926 seconds.
  path: Assets/Resources/The DARK Series - The Blood King/Bonus Tileset/Bonus Tilemap.prefab
  artifactKey: Guid(154ff581c68238d4f8015833d2442f2f) Importer(815301076,1909f56bfc062723c751e8b465ee728b)
Start importing Assets/Resources/The DARK Series - The Blood King/Bonus Tileset/Bonus Tilemap.prefab using Guid(154ff581c68238d4f8015833d2442f2f) Importer(815301076,1909f56bfc062723c751e8b465ee728b)  -> (artifact id: 'dbf2b2ce20858dd7f8d5bafc76fee7ee') in 0.017108 seconds 
  Import took 0.020110 seconds .

========================================================================
Received Import Request.
  Time since last request: 234.912517 seconds.
  path: Assets/Resources/The DARK Series - The Blood King/Bonus Tileset/Bonus Tileset.png
  artifactKey: Guid(136f0ced0b555294ba5e9926fccb760c) Importer(815301076,1909f56bfc062723c751e8b465ee728b)
Start importing Assets/Resources/The DARK Series - The Blood King/Bonus Tileset/Bonus Tileset.png using Guid(136f0ced0b555294ba5e9926fccb760c) Importer(815301076,1909f56bfc062723c751e8b465ee728b)  -> (artifact id: 'a47ffd8ea0aab22d10e62e6c52c64b13') in 0.398091 seconds 
  Import took 0.401067 seconds .

========================================================================
Received Import Request.
  Time since last request: 13.765954 seconds.
  path: Assets/Resources/The DARK Series - The Blood King/Bonus Tileset/Bonus Tilemap.prefab
  artifactKey: Guid(154ff581c68238d4f8015833d2442f2f) Importer(815301076,1909f56bfc062723c751e8b465ee728b)
Start importing Assets/Resources/The DARK Series - The Blood King/Bonus Tileset/Bonus Tilemap.prefab using Guid(154ff581c68238d4f8015833d2442f2f) Importer(815301076,1909f56bfc062723c751e8b465ee728b)  -> (artifact id: '4bf4085e9573442806f7f91f232a025c') in 0.008728 seconds 
  Import took 0.011597 seconds .

========================================================================
Received Import Request.
  Time since last request: 5.198076 seconds.
  path: Assets/Resources/The DARK Series - The Blood King/Bonus Tileset/Bonus Tilemap.prefab
  artifactKey: Guid(154ff581c68238d4f8015833d2442f2f) Importer(815301076,1909f56bfc062723c751e8b465ee728b)
Start importing Assets/Resources/The DARK Series - The Blood King/Bonus Tileset/Bonus Tilemap.prefab using Guid(154ff581c68238d4f8015833d2442f2f) Importer(815301076,1909f56bfc062723c751e8b465ee728b)  -> (artifact id: '130703c406eb87e0fce4801ab6f35fff') in 0.028333 seconds 
  Import took 0.032118 seconds .

========================================================================
Received Import Request.
  Time since last request: 0.000141 seconds.
  path: Assets/Resources/The DARK Series - The Blood King/Bonus Tileset/Bonus Tileset_61.asset
  artifactKey: Guid(afd22e95d8821714caaf1981e0bb8e0c) Importer(815301076,1909f56bfc062723c751e8b465ee728b)
Start importing Assets/Resources/The DARK Series - The Blood King/Bonus Tileset/Bonus Tileset_61.asset using Guid(afd22e95d8821714caaf1981e0bb8e0c) Importer(815301076,1909f56bfc062723c751e8b465ee728b)  -> (artifact id: '3bce7dd0412a89016e1f3622594cde5f') in 0.006510 seconds 
  Import took 0.008900 seconds .

========================================================================
Received Import Request.
  Time since last request: 0.000131 seconds.
  path: Assets/Resources/The DARK Series - The Blood King/Bonus Tileset/Bonus Tileset_74.asset
  artifactKey: Guid(9b71d41ccc41bca4fb8ba5af166b9e94) Importer(815301076,1909f56bfc062723c751e8b465ee728b)
Start importing Assets/Resources/The DARK Series - The Blood King/Bonus Tileset/Bonus Tileset_74.asset using Guid(9b71d41ccc41bca4fb8ba5af166b9e94) Importer(815301076,1909f56bfc062723c751e8b465ee728b)  -> (artifact id: 'bf3b3a242de9d3d92a19c0eb9adbd785') in 0.006343 seconds 
  Import took 0.008877 seconds .

========================================================================
Received Import Request.
  Time since last request: 0.000126 seconds.
  path: Assets/Resources/The DARK Series - The Blood King/Bonus Tileset/Bonus Tileset_29.asset
  artifactKey: Guid(32c27c03c14ea06489ad2d9d61cb4aea) Importer(815301076,1909f56bfc062723c751e8b465ee728b)
Start importing Assets/Resources/The DARK Series - The Blood King/Bonus Tileset/Bonus Tileset_29.asset using Guid(32c27c03c14ea06489ad2d9d61cb4aea) Importer(815301076,1909f56bfc062723c751e8b465ee728b)  -> (artifact id: '8810c37098bd5a1b2df1d9fe56fea136') in 0.006975 seconds 
  Import took 0.009350 seconds .

========================================================================
Received Import Request.
  Time since last request: 0.000134 seconds.
  path: Assets/Resources/The DARK Series - The Blood King/Bonus Tileset/Bonus Tileset_68.asset
  artifactKey: Guid(5d4a0043ee789fd46a0a99a0967559db) Importer(815301076,1909f56bfc062723c751e8b465ee728b)
Start importing Assets/Resources/The DARK Series - The Blood King/Bonus Tileset/Bonus Tileset_68.asset using Guid(5d4a0043ee789fd46a0a99a0967559db) Importer(815301076,1909f56bfc062723c751e8b465ee728b)  -> (artifact id: '202d233466790759f0229e221f0430ee') in 0.006918 seconds 
  Import took 0.009310 seconds .

========================================================================
Received Import Request.
  Time since last request: 0.000114 seconds.
  path: Assets/Resources/The DARK Series - The Blood King/Bonus Tileset/Bonus Tileset_78.asset
  artifactKey: Guid(e406ddd2b9a82324e81de75318b3b313) Importer(815301076,1909f56bfc062723c751e8b465ee728b)
Start importing Assets/Resources/The DARK Series - The Blood King/Bonus Tileset/Bonus Tileset_78.asset using Guid(e406ddd2b9a82324e81de75318b3b313) Importer(815301076,1909f56bfc062723c751e8b465ee728b)  -> (artifact id: '4a2ac434f57606f405c197307b084a4b') in 0.006069 seconds 
  Import took 0.008267 seconds .

========================================================================
Received Import Request.
  Time since last request: 0.000127 seconds.
  path: Assets/Resources/The DARK Series - The Blood King/Bonus Tileset/Bonus Tileset_49.asset
  artifactKey: Guid(91c67f0a9b33f314db92c2e4de430165) Importer(815301076,1909f56bfc062723c751e8b465ee728b)
Start importing Assets/Resources/The DARK Series - The Blood King/Bonus Tileset/Bonus Tileset_49.asset using Guid(91c67f0a9b33f314db92c2e4de430165) Importer(815301076,1909f56bfc062723c751e8b465ee728b)  -> (artifact id: 'e1c20f13ccdd9c4bb6265bf289a997a5') in 0.006248 seconds 
  Import took 0.008577 seconds .

========================================================================
Received Import Request.
  Time since last request: 0.000127 seconds.
  path: Assets/Resources/The DARK Series - The Blood King/Bonus Tileset/Bonus Tileset_64.asset
  artifactKey: Guid(97ccc28dac04e104d9520802074ea298) Importer(815301076,1909f56bfc062723c751e8b465ee728b)
Start importing Assets/Resources/The DARK Series - The Blood King/Bonus Tileset/Bonus Tileset_64.asset using Guid(97ccc28dac04e104d9520802074ea298) Importer(815301076,1909f56bfc062723c751e8b465ee728b)  -> (artifact id: '1e7ba69e973b360203d1b2cdd237aa28') in 0.005663 seconds 
  Import took 0.007854 seconds .

========================================================================
Received Import Request.
  Time since last request: 0.000113 seconds.
  path: Assets/Resources/The DARK Series - The Blood King/Bonus Tileset/Bonus Tileset_66.asset
  artifactKey: Guid(7fe5bbdf5a2877d43b4ca9ffb482a506) Importer(815301076,1909f56bfc062723c751e8b465ee728b)
Start importing Assets/Resources/The DARK Series - The Blood King/Bonus Tileset/Bonus Tileset_66.asset using Guid(7fe5bbdf5a2877d43b4ca9ffb482a506) Importer(815301076,1909f56bfc062723c751e8b465ee728b)  -> (artifact id: '3976942209f51ae1a05204c264e19dcd') in 0.007542 seconds 
  Import took 0.009739 seconds .

========================================================================
Received Import Request.
  Time since last request: 0.000117 seconds.
  path: Assets/Resources/The DARK Series - The Blood King/Bonus Tileset/Bonus Tileset_28.asset
  artifactKey: Guid(67f45fa46f6dea040bd33d9a51660bcf) Importer(815301076,1909f56bfc062723c751e8b465ee728b)
Start importing Assets/Resources/The DARK Series - The Blood King/Bonus Tileset/Bonus Tileset_28.asset using Guid(67f45fa46f6dea040bd33d9a51660bcf) Importer(815301076,1909f56bfc062723c751e8b465ee728b)  -> (artifact id: 'e6a12734f92e43b774820ed349244807') in 0.007377 seconds 
  Import took 0.009973 seconds .

========================================================================
Received Import Request.
  Time since last request: 0.000142 seconds.
  path: Assets/Resources/The DARK Series - The Blood King/Bonus Tileset/Bonus Tileset_36.asset
  artifactKey: Guid(37114658d38f67249a1be6f5eea18d91) Importer(815301076,1909f56bfc062723c751e8b465ee728b)
Start importing Assets/Resources/The DARK Series - The Blood King/Bonus Tileset/Bonus Tileset_36.asset using Guid(37114658d38f67249a1be6f5eea18d91) Importer(815301076,1909f56bfc062723c751e8b465ee728b)  -> (artifact id: '01276c3c7cb03712b13afc06411a3ca0') in 0.006434 seconds 
  Import took 0.008766 seconds .

========================================================================
Received Import Request.
  Time since last request: 0.000117 seconds.
  path: Assets/Resources/The DARK Series - The Blood King/Bonus Tileset/Bonus Tileset_32.asset
  artifactKey: Guid(0939de94a524e2044ae179b98d6e5745) Importer(815301076,1909f56bfc062723c751e8b465ee728b)
Start importing Assets/Resources/The DARK Series - The Blood King/Bonus Tileset/Bonus Tileset_32.asset using Guid(0939de94a524e2044ae179b98d6e5745) Importer(815301076,1909f56bfc062723c751e8b465ee728b)  -> (artifact id: '92ae1cbe54f8ee3f447b72a3cf674047') in 0.007059 seconds 
  Import took 0.009456 seconds .

========================================================================
Received Import Request.
  Time since last request: 0.000124 seconds.
  path: Assets/Resources/The DARK Series - The Blood King/Bonus Tileset/Bonus Tileset_47.asset
  artifactKey: Guid(ee4a79d52989b7c4f882613c72141820) Importer(815301076,1909f56bfc062723c751e8b465ee728b)
Start importing Assets/Resources/The DARK Series - The Blood King/Bonus Tileset/Bonus Tileset_47.asset using Guid(ee4a79d52989b7c4f882613c72141820) Importer(815301076,1909f56bfc062723c751e8b465ee728b)  -> (artifact id: '48830ef021a8e77750403d8d15ce7cf6') in 0.005872 seconds 
  Import took 0.008193 seconds .

========================================================================
Received Import Request.
  Time since last request: 0.000115 seconds.
  path: Assets/Resources/The DARK Series - The Blood King/Bonus Tileset/Bonus Tileset_54.asset
  artifactKey: Guid(91cbc29a9d9e7ed4ba819fba561b63a9) Importer(815301076,1909f56bfc062723c751e8b465ee728b)
Start importing Assets/Resources/The DARK Series - The Blood King/Bonus Tileset/Bonus Tileset_54.asset using Guid(91cbc29a9d9e7ed4ba819fba561b63a9) Importer(815301076,1909f56bfc062723c751e8b465ee728b)  -> (artifact id: '2cebf2ebcbb36cea26fdb115a50d6266') in 0.006386 seconds 
  Import took 0.008731 seconds .

========================================================================
Received Import Request.
  Time since last request: 0.000120 seconds.
  path: Assets/Resources/The DARK Series - The Blood King/Bonus Tileset/Bonus Tileset_69.asset
  artifactKey: Guid(81d5f4e993621eb409572c87c7ad6e54) Importer(815301076,1909f56bfc062723c751e8b465ee728b)
Start importing Assets/Resources/The DARK Series - The Blood King/Bonus Tileset/Bonus Tileset_69.asset using Guid(81d5f4e993621eb409572c87c7ad6e54) Importer(815301076,1909f56bfc062723c751e8b465ee728b)  -> (artifact id: 'a4c5c7731193fe8f4a8e1aee73d19866') in 0.006703 seconds 
  Import took 0.008998 seconds .

========================================================================
Received Import Request.
  Time since last request: 0.000179 seconds.
  path: Assets/Resources/The DARK Series - The Blood King/Bonus Tileset/Bonus Tileset_56.asset
  artifactKey: Guid(073e2c1a6d25b7445bb3d6ccadfd5850) Importer(815301076,1909f56bfc062723c751e8b465ee728b)
Start importing Assets/Resources/The DARK Series - The Blood King/Bonus Tileset/Bonus Tileset_56.asset using Guid(073e2c1a6d25b7445bb3d6ccadfd5850) Importer(815301076,1909f56bfc062723c751e8b465ee728b)  -> (artifact id: 'e6b383c0f601465d9a091de8b73c111d') in 0.007447 seconds 
  Import took 0.009812 seconds .

========================================================================
Received Import Request.
  Time since last request: 0.000125 seconds.
  path: Assets/Resources/The DARK Series - The Blood King/Bonus Tileset/Bonus Tileset_48.asset
  artifactKey: Guid(5a50574ee282adb4ba59f408203b3908) Importer(815301076,1909f56bfc062723c751e8b465ee728b)
Start importing Assets/Resources/The DARK Series - The Blood King/Bonus Tileset/Bonus Tileset_48.asset using Guid(5a50574ee282adb4ba59f408203b3908) Importer(815301076,1909f56bfc062723c751e8b465ee728b)  -> (artifact id: 'e50e3480fbaf4e759e7027e69c690fdf') in 0.006903 seconds 
  Import took 0.009366 seconds .

========================================================================
Received Import Request.
  Time since last request: 0.000141 seconds.
  path: Assets/Resources/The DARK Series - The Blood King/Bonus Tileset/Bonus Tileset_75.asset
  artifactKey: Guid(9bc7903c13472574f86c51514fb311f3) Importer(815301076,1909f56bfc062723c751e8b465ee728b)
Start importing Assets/Resources/The DARK Series - The Blood King/Bonus Tileset/Bonus Tileset_75.asset using Guid(9bc7903c13472574f86c51514fb311f3) Importer(815301076,1909f56bfc062723c751e8b465ee728b)  -> (artifact id: 'fb008fbcb820839e74080a867b9ec29b') in 0.006830 seconds 
  Import took 0.009339 seconds .

========================================================================
Received Import Request.
  Time since last request: 0.000126 seconds.
  path: Assets/Resources/The DARK Series - The Blood King/Bonus Tileset/Bonus Tileset_77.asset
  artifactKey: Guid(64f07c1ac98d9734ca8fb5d40b92d2ff) Importer(815301076,1909f56bfc062723c751e8b465ee728b)
Start importing Assets/Resources/The DARK Series - The Blood King/Bonus Tileset/Bonus Tileset_77.asset using Guid(64f07c1ac98d9734ca8fb5d40b92d2ff) Importer(815301076,1909f56bfc062723c751e8b465ee728b)  -> (artifact id: 'c76174bde39aed800ce1bfd0d357d25b') in 0.005883 seconds 
  Import took 0.008270 seconds .

========================================================================
Received Import Request.
  Time since last request: 0.000125 seconds.
  path: Assets/Resources/The DARK Series - The Blood King/Bonus Tileset/Bonus Tileset_53.asset
  artifactKey: Guid(4f273332ca267f643bfe7151216ac7b7) Importer(815301076,1909f56bfc062723c751e8b465ee728b)
Start importing Assets/Resources/The DARK Series - The Blood King/Bonus Tileset/Bonus Tileset_53.asset using Guid(4f273332ca267f643bfe7151216ac7b7) Importer(815301076,1909f56bfc062723c751e8b465ee728b)  -> (artifact id: 'f4f2832932697c4ce37195b8cc427b10') in 0.006375 seconds 
  Import took 0.008760 seconds .

========================================================================
Received Import Request.
  Time since last request: 0.000127 seconds.
  path: Assets/Resources/The DARK Series - The Blood King/Bonus Tileset/Bonus Tileset_73.asset
  artifactKey: Guid(62c63ac9dbf512b47924a76e83b14d3c) Importer(815301076,1909f56bfc062723c751e8b465ee728b)
Start importing Assets/Resources/The DARK Series - The Blood King/Bonus Tileset/Bonus Tileset_73.asset using Guid(62c63ac9dbf512b47924a76e83b14d3c) Importer(815301076,1909f56bfc062723c751e8b465ee728b)  -> (artifact id: 'd65d2e34eb02acbe1ed50c1eb1ba5594') in 0.007192 seconds 
  Import took 0.010199 seconds .

========================================================================
Received Import Request.
  Time since last request: 0.000138 seconds.
  path: Assets/Resources/The DARK Series - The Blood King/Bonus Tileset/Bonus Tileset_27.asset
  artifactKey: Guid(0c2ba964242507b48b096c4308122d1e) Importer(815301076,1909f56bfc062723c751e8b465ee728b)
Start importing Assets/Resources/The DARK Series - The Blood King/Bonus Tileset/Bonus Tileset_27.asset using Guid(0c2ba964242507b48b096c4308122d1e) Importer(815301076,1909f56bfc062723c751e8b465ee728b)  -> (artifact id: 'd48bc046d80d29943d268bd09d4f77a6') in 0.006287 seconds 
  Import took 0.008469 seconds .

========================================================================
Received Import Request.
  Time since last request: 0.000106 seconds.
  path: Assets/Resources/The DARK Series - The Blood King/Bonus Tileset/Bonus Tileset_40.asset
  artifactKey: Guid(9a670a93558249840ab7aa0c8d7fe133) Importer(815301076,1909f56bfc062723c751e8b465ee728b)
Start importing Assets/Resources/The DARK Series - The Blood King/Bonus Tileset/Bonus Tileset_40.asset using Guid(9a670a93558249840ab7aa0c8d7fe133) Importer(815301076,1909f56bfc062723c751e8b465ee728b)  -> (artifact id: '3d05b741126d2d4b2b72e3dc29ce607b') in 0.007153 seconds 
  Import took 0.009314 seconds .

========================================================================
Received Import Request.
  Time since last request: 0.000118 seconds.
  path: Assets/Resources/The DARK Series - The Blood King/Bonus Tileset/Bonus Tileset_31.asset
  artifactKey: Guid(8d3abade9734c0e41ac998b13dda314c) Importer(815301076,1909f56bfc062723c751e8b465ee728b)
Start importing Assets/Resources/The DARK Series - The Blood King/Bonus Tileset/Bonus Tileset_31.asset using Guid(8d3abade9734c0e41ac998b13dda314c) Importer(815301076,1909f56bfc062723c751e8b465ee728b)  -> (artifact id: 'c14f91aa500020ae5ad50b2ed54e76c9') in 0.006724 seconds 
  Import took 0.008780 seconds .

========================================================================
Received Import Request.
  Time since last request: 0.000115 seconds.
  path: Assets/Resources/The DARK Series - The Blood King/Bonus Tileset/Bonus Tileset_33.asset
  artifactKey: Guid(536fd76af5e8b2149ad20961edd817de) Importer(815301076,1909f56bfc062723c751e8b465ee728b)
Start importing Assets/Resources/The DARK Series - The Blood King/Bonus Tileset/Bonus Tileset_33.asset using Guid(536fd76af5e8b2149ad20961edd817de) Importer(815301076,1909f56bfc062723c751e8b465ee728b)  -> (artifact id: '3d4c04e548f576d648043467301d77ff') in 0.006704 seconds 
  Import took 0.008999 seconds .

========================================================================
Received Import Request.
  Time since last request: 0.000121 seconds.
  path: Assets/Resources/The DARK Series - The Blood King/Bonus Tileset/Bonus Tileset_35.asset
  artifactKey: Guid(4fa65ae0ded9a03449b410dc97456474) Importer(815301076,1909f56bfc062723c751e8b465ee728b)
Start importing Assets/Resources/The DARK Series - The Blood King/Bonus Tileset/Bonus Tileset_35.asset using Guid(4fa65ae0ded9a03449b410dc97456474) Importer(815301076,1909f56bfc062723c751e8b465ee728b)  -> (artifact id: '5d3da17175110bc41642350b44335a07') in 0.006386 seconds 
  Import took 0.008504 seconds .

========================================================================
Received Import Request.
  Time since last request: 0.000125 seconds.
  path: Assets/Resources/The DARK Series - The Blood King/Bonus Tileset/Bonus Tileset_67.asset
  artifactKey: Guid(4dd3ec7273c309e43a413573d8cfe93b) Importer(815301076,1909f56bfc062723c751e8b465ee728b)
Start importing Assets/Resources/The DARK Series - The Blood King/Bonus Tileset/Bonus Tileset_67.asset using Guid(4dd3ec7273c309e43a413573d8cfe93b) Importer(815301076,1909f56bfc062723c751e8b465ee728b)  -> (artifact id: '8f54fb9fdb3142c7830a2e07ee6a6548') in 0.006956 seconds 
  Import took 0.009378 seconds .

========================================================================
Received Import Request.
  Time since last request: 0.000117 seconds.
  path: Assets/Resources/The DARK Series - The Blood King/Bonus Tileset/Bonus Tileset_45.asset
  artifactKey: Guid(1e1898e058585ca418b78bed90410f36) Importer(815301076,1909f56bfc062723c751e8b465ee728b)
Start importing Assets/Resources/The DARK Series - The Blood King/Bonus Tileset/Bonus Tileset_45.asset using Guid(1e1898e058585ca418b78bed90410f36) Importer(815301076,1909f56bfc062723c751e8b465ee728b)  -> (artifact id: '31e36fa566a94f0c971424a26f9b2adb') in 0.005973 seconds 
  Import took 0.008481 seconds .

========================================================================
Received Import Request.
  Time since last request: 0.000129 seconds.
  path: Assets/Resources/The DARK Series - The Blood King/Bonus Tileset/Bonus Tileset_57.asset
  artifactKey: Guid(f0b2e972b8a34044daf3ca74091f8f7e) Importer(815301076,1909f56bfc062723c751e8b465ee728b)
Start importing Assets/Resources/The DARK Series - The Blood King/Bonus Tileset/Bonus Tileset_57.asset using Guid(f0b2e972b8a34044daf3ca74091f8f7e) Importer(815301076,1909f56bfc062723c751e8b465ee728b)  -> (artifact id: 'e08ec8423718fb85adb8f78da3a5403f') in 0.006288 seconds 
  Import took 0.008616 seconds .

========================================================================
Received Import Request.
  Time since last request: 0.000127 seconds.
  path: Assets/Resources/The DARK Series - The Blood King/Bonus Tileset/Bonus Tileset_52.asset
  artifactKey: Guid(ca25e9176076db8459d45a4b0df0f110) Importer(815301076,1909f56bfc062723c751e8b465ee728b)
Start importing Assets/Resources/The DARK Series - The Blood King/Bonus Tileset/Bonus Tileset_52.asset using Guid(ca25e9176076db8459d45a4b0df0f110) Importer(815301076,1909f56bfc062723c751e8b465ee728b)  -> (artifact id: 'ede5dedf41afccccaac05c81f134be2b') in 0.006095 seconds 
  Import took 0.008519 seconds .

========================================================================
Received Import Request.
  Time since last request: 0.000122 seconds.
  path: Assets/Resources/The DARK Series - The Blood King/Bonus Tileset/Bonus Tileset_37.asset
  artifactKey: Guid(70b0a5357440a6c4eb2319d7b95e2073) Importer(815301076,1909f56bfc062723c751e8b465ee728b)
Start importing Assets/Resources/The DARK Series - The Blood King/Bonus Tileset/Bonus Tileset_37.asset using Guid(70b0a5357440a6c4eb2319d7b95e2073) Importer(815301076,1909f56bfc062723c751e8b465ee728b)  -> (artifact id: 'bf5f80f9e3da87db7e9bc5be3df32e27') in 0.006320 seconds 
  Import took 0.008702 seconds .

========================================================================
Received Import Request.
  Time since last request: 0.000130 seconds.
  path: Assets/Resources/The DARK Series - The Blood King/Bonus Tileset/Bonus Tileset_46.asset
  artifactKey: Guid(c89e1aa58908dd04bb5d88eff06e3217) Importer(815301076,1909f56bfc062723c751e8b465ee728b)
Start importing Assets/Resources/The DARK Series - The Blood King/Bonus Tileset/Bonus Tileset_46.asset using Guid(c89e1aa58908dd04bb5d88eff06e3217) Importer(815301076,1909f56bfc062723c751e8b465ee728b)  -> (artifact id: '6f0d62e5dfc173bbc8576f729cb9a01b') in 0.006769 seconds 
  Import took 0.009236 seconds .

========================================================================
Received Import Request.
  Time since last request: 0.000125 seconds.
  path: Assets/Resources/The DARK Series - The Blood King/Bonus Tileset/Bonus Tileset_62.asset
  artifactKey: Guid(26be40e683b49ef4daba2f9ab1fa9cf1) Importer(815301076,1909f56bfc062723c751e8b465ee728b)
Start importing Assets/Resources/The DARK Series - The Blood King/Bonus Tileset/Bonus Tileset_62.asset using Guid(26be40e683b49ef4daba2f9ab1fa9cf1) Importer(815301076,1909f56bfc062723c751e8b465ee728b)  -> (artifact id: '7eb62a2a41ec1ab5c257531eeaa0a086') in 0.006511 seconds 
  Import took 0.008906 seconds .

========================================================================
Received Import Request.
  Time since last request: 0.000119 seconds.
  path: Assets/Resources/The DARK Series - The Blood King/Bonus Tileset/Bonus Tileset_76.asset
  artifactKey: Guid(69c8dfab15020dc4683e825fa4571798) Importer(815301076,1909f56bfc062723c751e8b465ee728b)
Start importing Assets/Resources/The DARK Series - The Blood King/Bonus Tileset/Bonus Tileset_76.asset using Guid(69c8dfab15020dc4683e825fa4571798) Importer(815301076,1909f56bfc062723c751e8b465ee728b)  -> (artifact id: 'e16135f0683121c933c877e29afc8ff2') in 0.006404 seconds 
  Import took 0.008604 seconds .

========================================================================
Received Import Request.
  Time since last request: 0.000125 seconds.
  path: Assets/Resources/The DARK Series - The Blood King/Bonus Tileset/Bonus Tileset_38.asset
  artifactKey: Guid(856b751ef9ed0964a9364a8b9d32df29) Importer(815301076,1909f56bfc062723c751e8b465ee728b)
Start importing Assets/Resources/The DARK Series - The Blood King/Bonus Tileset/Bonus Tileset_38.asset using Guid(856b751ef9ed0964a9364a8b9d32df29) Importer(815301076,1909f56bfc062723c751e8b465ee728b)  -> (artifact id: 'b9a09223365a6b5f0148bad3a84edba2') in 0.006126 seconds 
  Import took 0.008396 seconds .

========================================================================
Received Import Request.
  Time since last request: 0.000113 seconds.
  path: Assets/Resources/The DARK Series - The Blood King/Bonus Tileset/Bonus Tileset_60.asset
  artifactKey: Guid(b2fd74af97d28ca458584c8ea1839f11) Importer(815301076,1909f56bfc062723c751e8b465ee728b)
Start importing Assets/Resources/The DARK Series - The Blood King/Bonus Tileset/Bonus Tileset_60.asset using Guid(b2fd74af97d28ca458584c8ea1839f11) Importer(815301076,1909f56bfc062723c751e8b465ee728b)  -> (artifact id: '505088c6e837457d9abe2cf185ff27d9') in 0.006615 seconds 
  Import took 0.009073 seconds .

========================================================================
Received Import Request.
  Time since last request: 0.000138 seconds.
  path: Assets/Resources/The DARK Series - The Blood King/Bonus Tileset/Bonus Tileset_50.asset
  artifactKey: Guid(6620fd9de81901c4f89f5c16d440fb3f) Importer(815301076,1909f56bfc062723c751e8b465ee728b)
Start importing Assets/Resources/The DARK Series - The Blood King/Bonus Tileset/Bonus Tileset_50.asset using Guid(6620fd9de81901c4f89f5c16d440fb3f) Importer(815301076,1909f56bfc062723c751e8b465ee728b)  -> (artifact id: '0dc9c84ae7cc8475d637d55cb13cce44') in 0.005795 seconds 
  Import took 0.008011 seconds .

========================================================================
Received Import Request.
  Time since last request: 0.000115 seconds.
  path: Assets/Resources/The DARK Series - The Blood King/Bonus Tileset/Bonus Tileset_30.asset
  artifactKey: Guid(e853ce3fc2b72d24387a612b0cf98af3) Importer(815301076,1909f56bfc062723c751e8b465ee728b)
Start importing Assets/Resources/The DARK Series - The Blood King/Bonus Tileset/Bonus Tileset_30.asset using Guid(e853ce3fc2b72d24387a612b0cf98af3) Importer(815301076,1909f56bfc062723c751e8b465ee728b)  -> (artifact id: '57dadee3b87b371edf0257d2b461d186') in 0.008227 seconds 
  Import took 0.010563 seconds .

========================================================================
Received Import Request.
  Time since last request: 0.000121 seconds.
  path: Assets/Resources/The DARK Series - The Blood King/Bonus Tileset/Bonus Tileset_63.asset
  artifactKey: Guid(78a4ff02246f6694497fc1dcf699f1b0) Importer(815301076,1909f56bfc062723c751e8b465ee728b)
Start importing Assets/Resources/The DARK Series - The Blood King/Bonus Tileset/Bonus Tileset_63.asset using Guid(78a4ff02246f6694497fc1dcf699f1b0) Importer(815301076,1909f56bfc062723c751e8b465ee728b)  -> (artifact id: 'fd006990d37ccb27d01cb5295c93a9f2') in 0.006090 seconds 
  Import took 0.008700 seconds .

========================================================================
Received Import Request.
  Time since last request: 0.000178 seconds.
  path: Assets/Resources/The DARK Series - The Blood King/Bonus Tileset/Bonus Tileset_41.asset
  artifactKey: Guid(5e0c099175b88e2458d99b2828fa2d48) Importer(815301076,1909f56bfc062723c751e8b465ee728b)
Start importing Assets/Resources/The DARK Series - The Blood King/Bonus Tileset/Bonus Tileset_41.asset using Guid(5e0c099175b88e2458d99b2828fa2d48) Importer(815301076,1909f56bfc062723c751e8b465ee728b)  -> (artifact id: '6188e8d66cdb42ecc047b23503e4124e') in 0.006534 seconds 
  Import took 0.008940 seconds .

========================================================================
Received Import Request.
  Time since last request: 0.000139 seconds.
  path: Assets/Resources/The DARK Series - The Blood King/Bonus Tileset/Bonus Tileset_72.asset
  artifactKey: Guid(066d2c159f6426f478cd25d4da5d41db) Importer(815301076,1909f56bfc062723c751e8b465ee728b)
Start importing Assets/Resources/The DARK Series - The Blood King/Bonus Tileset/Bonus Tileset_72.asset using Guid(066d2c159f6426f478cd25d4da5d41db) Importer(815301076,1909f56bfc062723c751e8b465ee728b)  -> (artifact id: '580c585b1d5c46fc9a01b811641510a8') in 0.006258 seconds 
  Import took 0.008946 seconds .

========================================================================
Received Import Request.
  Time since last request: 0.000131 seconds.
  path: Assets/Resources/The DARK Series - The Blood King/Bonus Tileset/Bonus Tileset_70.asset
  artifactKey: Guid(471619300390cb147b7d4533fbbfb95a) Importer(815301076,1909f56bfc062723c751e8b465ee728b)
Start importing Assets/Resources/The DARK Series - The Blood King/Bonus Tileset/Bonus Tileset_70.asset using Guid(471619300390cb147b7d4533fbbfb95a) Importer(815301076,1909f56bfc062723c751e8b465ee728b)  -> (artifact id: 'd6a23a7f04f512e998c355e27967264b') in 0.007464 seconds 
  Import took 0.009973 seconds .

========================================================================
Received Import Request.
  Time since last request: 0.000137 seconds.
  path: Assets/Resources/The DARK Series - The Blood King/Bonus Tileset/Bonus Tileset_71.asset
  artifactKey: Guid(8ed1691d121b3614eb79436fb253dd25) Importer(815301076,1909f56bfc062723c751e8b465ee728b)
Start importing Assets/Resources/The DARK Series - The Blood King/Bonus Tileset/Bonus Tileset_71.asset using Guid(8ed1691d121b3614eb79436fb253dd25) Importer(815301076,1909f56bfc062723c751e8b465ee728b)  -> (artifact id: '21e60910d15e76ce58220afcdcadc090') in 0.006509 seconds 
  Import took 0.009019 seconds .

========================================================================
Received Import Request.
  Time since last request: 0.000123 seconds.
  path: Assets/Resources/The DARK Series - The Blood King/Bonus Tileset/Bonus Tileset_39.asset
  artifactKey: Guid(0f8c44adc1ecb674b81d56bb6189847f) Importer(815301076,1909f56bfc062723c751e8b465ee728b)
Start importing Assets/Resources/The DARK Series - The Blood King/Bonus Tileset/Bonus Tileset_39.asset using Guid(0f8c44adc1ecb674b81d56bb6189847f) Importer(815301076,1909f56bfc062723c751e8b465ee728b)  -> (artifact id: '19499b0d90a751260f4a506e6ca46087') in 0.006880 seconds 
  Import took 0.009352 seconds .

========================================================================
Received Import Request.
  Time since last request: 0.000139 seconds.
  path: Assets/Resources/The DARK Series - The Blood King/Bonus Tileset/Bonus Tileset_51.asset
  artifactKey: Guid(2deaf1440732f2f449dfd54a01f2a38e) Importer(815301076,1909f56bfc062723c751e8b465ee728b)
Start importing Assets/Resources/The DARK Series - The Blood King/Bonus Tileset/Bonus Tileset_51.asset using Guid(2deaf1440732f2f449dfd54a01f2a38e) Importer(815301076,1909f56bfc062723c751e8b465ee728b)  -> (artifact id: '45b1da3c189bdb4fae2fc4c41aed9904') in 0.009114 seconds 
  Import took 0.012221 seconds .

========================================================================
Received Import Request.
  Time since last request: 0.000139 seconds.
  path: Assets/Resources/The DARK Series - The Blood King/Bonus Tileset/Bonus Tileset_65.asset
  artifactKey: Guid(9c823758c2858c64a9a5e2612be3bf66) Importer(815301076,1909f56bfc062723c751e8b465ee728b)
Start importing Assets/Resources/The DARK Series - The Blood King/Bonus Tileset/Bonus Tileset_65.asset using Guid(9c823758c2858c64a9a5e2612be3bf66) Importer(815301076,1909f56bfc062723c751e8b465ee728b)  -> (artifact id: 'ba63bab3e3d642e9346269e781946f2b') in 0.007719 seconds 
  Import took 0.010458 seconds .

========================================================================
Received Import Request.
  Time since last request: 0.000133 seconds.
  path: Assets/Resources/The DARK Series - The Blood King/Bonus Tileset/Bonus Tileset_55.asset
  artifactKey: Guid(f9062bb6cc5a1734283293195c635540) Importer(815301076,1909f56bfc062723c751e8b465ee728b)
Start importing Assets/Resources/The DARK Series - The Blood King/Bonus Tileset/Bonus Tileset_55.asset using Guid(f9062bb6cc5a1734283293195c635540) Importer(815301076,1909f56bfc062723c751e8b465ee728b)  -> (artifact id: '338be0cc5aa2363283412f7163c84f01') in 0.006316 seconds 
  Import took 0.008742 seconds .

========================================================================
Received Import Request.
  Time since last request: 0.000134 seconds.
  path: Assets/Resources/The DARK Series - The Blood King/Bonus Tileset/Bonus Tileset_34.asset
  artifactKey: Guid(e13dbc0a9b25dc449af8c400927c8b94) Importer(815301076,1909f56bfc062723c751e8b465ee728b)
Start importing Assets/Resources/The DARK Series - The Blood King/Bonus Tileset/Bonus Tileset_34.asset using Guid(e13dbc0a9b25dc449af8c400927c8b94) Importer(815301076,1909f56bfc062723c751e8b465ee728b)  -> (artifact id: '098f53d18002efb8c225fa0d466b5e17') in 0.006401 seconds 
  Import took 0.008832 seconds .

========================================================================
Received Import Request.
  Time since last request: 0.000159 seconds.
  path: Assets/Resources/The DARK Series - The Blood King/Bonus Tileset/Bonus Tileset_42.asset
  artifactKey: Guid(6130eb1f75c87d74e95d4ce4e81add7f) Importer(815301076,1909f56bfc062723c751e8b465ee728b)
Start importing Assets/Resources/The DARK Series - The Blood King/Bonus Tileset/Bonus Tileset_42.asset using Guid(6130eb1f75c87d74e95d4ce4e81add7f) Importer(815301076,1909f56bfc062723c751e8b465ee728b)  -> (artifact id: 'c1bf89846c645ec65e0939f9c463b88e') in 0.006167 seconds 
  Import took 0.008594 seconds .

========================================================================
Received Import Request.
  Time since last request: 0.000122 seconds.
  path: Assets/Resources/The DARK Series - The Blood King/Bonus Tileset/Bonus Tileset_43.asset
  artifactKey: Guid(ca26bdd25627e9a4c9b56849c1744407) Importer(815301076,1909f56bfc062723c751e8b465ee728b)
Start importing Assets/Resources/The DARK Series - The Blood King/Bonus Tileset/Bonus Tileset_43.asset using Guid(ca26bdd25627e9a4c9b56849c1744407) Importer(815301076,1909f56bfc062723c751e8b465ee728b)  -> (artifact id: 'ae45e37afc78a864cbb91be1f0db1ef7') in 0.007191 seconds 
  Import took 0.009399 seconds .

========================================================================
Received Import Request.
  Time since last request: 0.000138 seconds.
  path: Assets/Resources/The DARK Series - The Blood King/Bonus Tileset/Bonus Tileset_44.asset
  artifactKey: Guid(b4e470f6a2a2d4f4cac6b05def99c23a) Importer(815301076,1909f56bfc062723c751e8b465ee728b)
Start importing Assets/Resources/The DARK Series - The Blood King/Bonus Tileset/Bonus Tileset_44.asset using Guid(b4e470f6a2a2d4f4cac6b05def99c23a) Importer(815301076,1909f56bfc062723c751e8b465ee728b)  -> (artifact id: '1a19a12b6fa56732578ce58b43709575') in 0.005906 seconds 
  Import took 0.008294 seconds .

========================================================================
Received Import Request.
  Time since last request: 0.000119 seconds.
  path: Assets/Resources/The DARK Series - The Blood King/Bonus Tileset/Bonus Tileset_26.asset
  artifactKey: Guid(995ca27a80739a2459f8d1ecae029632) Importer(815301076,1909f56bfc062723c751e8b465ee728b)
Start importing Assets/Resources/The DARK Series - The Blood King/Bonus Tileset/Bonus Tileset_26.asset using Guid(995ca27a80739a2459f8d1ecae029632) Importer(815301076,1909f56bfc062723c751e8b465ee728b)  -> (artifact id: 'bc6b0fe8e3e2d3f43fce406e4dda643b') in 0.006624 seconds 
  Import took 0.008915 seconds .

========================================================================
Received Import Request.
  Time since last request: 0.000127 seconds.
  path: Assets/Resources/The DARK Series - The Blood King/Bonus Tileset/Bonus Tileset_58.asset
  artifactKey: Guid(9b87a51e8068f6c469588751eead632f) Importer(815301076,1909f56bfc062723c751e8b465ee728b)
Start importing Assets/Resources/The DARK Series - The Blood King/Bonus Tileset/Bonus Tileset_58.asset using Guid(9b87a51e8068f6c469588751eead632f) Importer(815301076,1909f56bfc062723c751e8b465ee728b)  -> (artifact id: 'c06780f5e8865261b50890d85362f49b') in 0.005650 seconds 
  Import took 0.007686 seconds .

========================================================================
Received Import Request.
  Time since last request: 0.000120 seconds.
  path: Assets/Resources/The DARK Series - The Blood King/Bonus Tileset/Bonus Tileset_59.asset
  artifactKey: Guid(84cd117be2e802c4b9f60243df89d188) Importer(815301076,1909f56bfc062723c751e8b465ee728b)
Start importing Assets/Resources/The DARK Series - The Blood King/Bonus Tileset/Bonus Tileset_59.asset using Guid(84cd117be2e802c4b9f60243df89d188) Importer(815301076,1909f56bfc062723c751e8b465ee728b)  -> (artifact id: '04271c7b74402508641beaa668847b52') in 0.006837 seconds 
  Import took 0.009335 seconds .

========================================================================
Received Import Request.
  Time since last request: 92.936484 seconds.
  path: Assets/Resources/The DARK Series - The Blood King/Bonus Tileset/Bonus Tileset.png
  artifactKey: Guid(136f0ced0b555294ba5e9926fccb760c) Importer(815301076,1909f56bfc062723c751e8b465ee728b)
Start importing Assets/Resources/The DARK Series - The Blood King/Bonus Tileset/Bonus Tileset.png using Guid(136f0ced0b555294ba5e9926fccb760c) Importer(815301076,1909f56bfc062723c751e8b465ee728b)  -> (artifact id: '990443a37e3726fa62e80f267db85fff') in 0.273797 seconds 
  Import took 0.276870 seconds .

